<?xml version="1.0" encoding="UTF-8" ?>
<testsuite failures="0" time="2.017" errors="0" skipped="0" tests="3" name="local.asch.outglook.Contact2k3XlsViewTest">
  <properties>
[...]
</properties>
  <testcase time="1.597" classname="local.asch.outglook.Contact2k3XlsViewTest" name="testFileExist"/>
  <testcase time="0.337" classname="local.asch.outglook.Contact2k3XlsViewTest" name="testSetView"/>
  <testcase time="0.067" classname="local.asch.outglook.Contact2k3XlsViewTest" name="testGetView"/>
</testsuite>